Using pre-set license
Built from '2020.3/staging' branch; Version is '2020.3.8f1 (507919d4fff5) revision 5273881'; Using compiler version '192528614'; Build Type 'Release'
OS: 'Windows 10 Home; OS build 19041.1052; Version 2004; 64bit' Language: 'en' Physical Memory: 7985 MB
BatchMode: 1, IsHumanControllingUs: 0, StartBugReporterOnCrash: 0, Is64bit: 1, IsPro: 0

 COMMAND LINE ARGUMENTS:
C:\Program Files\Unity\Hub\Editor\2020.3.8f1\Editor\Unity.exe
-adb2
-batchMode
-noUpm
-name
AssetImportWorker0
-projectPath
C:/Users/maxw0/UnityGames/myGame3D
-logFile
Logs/AssetImportWorker0.log
-srvPort
53614
Successfully changed project path to: C:/Users/maxw0/UnityGames/myGame3D
C:/Users/maxw0/UnityGames/myGame3D
Using Asset Import Pipeline V2.
Refreshing native plugins compatible for Editor in 30.59 ms, found 0 plugins.
Preloading 0 native plugins for Editor in 0.00 ms.
Initialize engine version: 2020.3.8f1 (507919d4fff5)
[Subsystems] Discovering subsystems at path C:/Program Files/Unity/Hub/Editor/2020.3.8f1/Editor/Data/Resources/UnitySubsystems
[Subsystems] Discovering subsystems at path C:/Users/maxw0/UnityGames/myGame3D/Assets
GfxDevice: creating device client; threaded=0
Direct3D:
    Version:  Direct3D 11.0 [level 11.1]
    Renderer: NVIDIA GeForce GTX 1650 Ti (ID=0x1f95)
    Vendor:   
    VRAM:     3962 MB
    Driver:   27.21.14.5206
Initialize mono
Mono path[0] = 'C:/Program Files/Unity/Hub/Editor/2020.3.8f1/Editor/Data/Managed'
Mono path[1] = 'C:/Program Files/Unity/Hub/Editor/2020.3.8f1/Editor/Data/MonoBleedingEdge/lib/mono/unityjit'
Mono config path = 'C:/Program Files/Unity/Hub/Editor/2020.3.8f1/Editor/Data/MonoBleedingEdge/etc'
Using monoOptions --debugger-agent=transport=dt_socket,embedding=1,server=y,suspend=n,address=127.0.0.1:56172
Begin MonoManager ReloadAssembly
Registering precompiled unity dll's ...
Register platform support module: C:/Program Files/Unity/Hub/Editor/2020.3.8f1/Editor/Data/PlaybackEngines/WindowsStandaloneSupport/UnityEditor.WindowsStandalone.Extensions.dll
Registered in 0.004434 seconds.
Native extension for WindowsStandalone target not found
Refreshing native plugins compatible for Editor in 31.06 ms, found 0 plugins.
Preloading 0 native plugins for Editor in 0.00 ms.
Mono: successfully reloaded assembly
- Completed reload, in  3.026 seconds
Platform modules already initialized, skipping
Registering precompiled user dll's ...
Registered in 0.001899 seconds.
Begin MonoManager ReloadAssembly
Native extension for WindowsStandalone target not found
Refreshing native plugins compatible for Editor in 0.29 ms, found 0 plugins.
Preloading 0 native plugins for Editor in 0.00 ms.
Mono: successfully reloaded assembly
- Completed reload, in  1.070 seconds
Platform modules already initialized, skipping
========================================================================
Worker process is ready to serve import requests
Launched and connected shader compiler UnityShaderCompiler.exe after 0.07 seconds
Refreshing native plugins compatible for Editor in 0.21 ms, found 0 plugins.
Preloading 0 native plugins for Editor in 0.00 ms.
Unloading 1145 Unused Serialized files (Serialized files now loaded: 0)
System memory in use before: 58.3 MB.
System memory in use after: 58.3 MB.

Unloading 9 unused Assets to reduce memory usage. Loaded Objects now: 1590.
Total: 3.938600 ms (FindLiveObjects: 0.151200 ms CreateObjectMapping: 0.041000 ms MarkObjects: 3.495800 ms  DeleteObjects: 0.249300 ms)

========================================================================
Received Import Request.
  path: Assets/unity-pedestrian-sim/Standard Assets/Characters/ThirdPersonCharacter/Scripts/ThirdPersonCharacter.cs
  artifactKey: Guid(ce7a80d520cacc042b5fe14f373d8173) Importer(815301076,1909f56bfc062723c751e8b465ee728b)
Start importing Assets/unity-pedestrian-sim/Standard Assets/Characters/ThirdPersonCharacter/Scripts/ThirdPersonCharacter.cs using Guid(ce7a80d520cacc042b5fe14f373d8173) Importer(815301076,1909f56bfc062723c751e8b465ee728b)  -> (artifact id: 'd3001f7f2cf4fc1a26f25d5be5c04a45') in 0.046560 seconds
  Import took 0.050209 seconds .

========================================================================
Received Import Request.
  Time since last request: 0.000448 seconds.
  path: Assets/unity-pedestrian-sim/Standard Assets/Characters/ThirdPersonCharacter/Scripts/ThirdPersonUserControl.cs
  artifactKey: Guid(521b611700410be45810047f0a74e899) Importer(815301076,1909f56bfc062723c751e8b465ee728b)
Start importing Assets/unity-pedestrian-sim/Standard Assets/Characters/ThirdPersonCharacter/Scripts/ThirdPersonUserControl.cs using Guid(521b611700410be45810047f0a74e899) Importer(815301076,1909f56bfc062723c751e8b465ee728b)  -> (artifact id: 'a700ae3f939a282ed49e15e8d5584744') in 0.011287 seconds
  Import took 0.016046 seconds .

========================================================================
Received Import Request.
  Time since last request: 99.752761 seconds.
  path: Assets/unity-pedestrian-sim/Standard Assets/Characters/ThirdPersonCharacter/Scripts
  artifactKey: Guid(3ee9c33ffee000840b0fed14ec400bc9) Importer(815301076,1909f56bfc062723c751e8b465ee728b)
Start importing Assets/unity-pedestrian-sim/Standard Assets/Characters/ThirdPersonCharacter/Scripts using Guid(3ee9c33ffee000840b0fed14ec400bc9) Importer(815301076,1909f56bfc062723c751e8b465ee728b)  -> (artifact id: '0939be9ee0ffbb2138fbc8b65ec77c77') in 0.010642 seconds
  Import took 0.013850 seconds .

========================================================================
Received Import Request.
  Time since last request: 8.900273 seconds.
  path: Assets/unity-pedestrian-sim/Standard Assets/Characters/ThirdPersonCharacter/Scripts/Control.cs
  artifactKey: Guid(29c379f26ab136c4294f98c31945c167) Importer(815301076,1909f56bfc062723c751e8b465ee728b)
Start importing Assets/unity-pedestrian-sim/Standard Assets/Characters/ThirdPersonCharacter/Scripts/Control.cs using Guid(29c379f26ab136c4294f98c31945c167) Importer(815301076,1909f56bfc062723c751e8b465ee728b)  -> (artifact id: 'bee261563d7ec7fc05a4d546819ebe48') in 0.012940 seconds
  Import took 0.016619 seconds .

========================================================================
Received Prepare
Registering precompiled user dll's ...
Registered in 0.000809 seconds.
Begin MonoManager ReloadAssembly
Native extension for WindowsStandalone target not found
Refreshing native plugins compatible for Editor in 0.19 ms, found 0 plugins.
Preloading 0 native plugins for Editor in 0.00 ms.
Mono: successfully reloaded assembly
- Completed reload, in  0.843 seconds
Platform modules already initialized, skipping
Refreshing native plugins compatible for Editor in 0.21 ms, found 0 plugins.
Preloading 0 native plugins for Editor in 0.00 ms.
Unloading 1140 Unused Serialized files (Serialized files now loaded: 0)
System memory in use before: 58.1 MB.
System memory in use after: 58.2 MB.

Unloading 4 unused Assets to reduce memory usage. Loaded Objects now: 1594.
Total: 1.408100 ms (FindLiveObjects: 0.130600 ms CreateObjectMapping: 0.036800 ms MarkObjects: 1.225300 ms  DeleteObjects: 0.014400 ms)

========================================================================
Received Import Request.
  Time since last request: 350.004345 seconds.
  path: Assets/unity-pedestrian-sim/Standard Assets/Characters/ThirdPersonCharacter/Scripts/Control.cs
  artifactKey: Guid(29c379f26ab136c4294f98c31945c167) Importer(815301076,1909f56bfc062723c751e8b465ee728b)
Start importing Assets/unity-pedestrian-sim/Standard Assets/Characters/ThirdPersonCharacter/Scripts/Control.cs using Guid(29c379f26ab136c4294f98c31945c167) Importer(815301076,1909f56bfc062723c751e8b465ee728b)  -> (artifact id: '41a3dfb5e65ec38890fdf590fe710ee2') in 0.003852 seconds
  Import took 0.006609 seconds .

========================================================================
Received Prepare
Registering precompiled user dll's ...
Registered in 0.000698 seconds.
Begin MonoManager ReloadAssembly
Native extension for WindowsStandalone target not found
Refreshing native plugins compatible for Editor in 0.32 ms, found 0 plugins.
Preloading 0 native plugins for Editor in 0.00 ms.
Mono: successfully reloaded assembly
- Completed reload, in  1.046 seconds
Platform modules already initialized, skipping
Refreshing native plugins compatible for Editor in 0.52 ms, found 0 plugins.
Preloading 0 native plugins for Editor in 0.00 ms.
Unloading 1140 Unused Serialized files (Serialized files now loaded: 0)
System memory in use before: 58.2 MB.
System memory in use after: 58.3 MB.

Unloading 4 unused Assets to reduce memory usage. Loaded Objects now: 1597.
Total: 1.934100 ms (FindLiveObjects: 0.157000 ms CreateObjectMapping: 0.042900 ms MarkObjects: 1.708700 ms  DeleteObjects: 0.024200 ms)

========================================================================
Received Prepare
Registering precompiled user dll's ...
Registered in 0.000673 seconds.
Begin MonoManager ReloadAssembly
Native extension for WindowsStandalone target not found
Refreshing native plugins compatible for Editor in 0.59 ms, found 0 plugins.
Preloading 0 native plugins for Editor in 0.00 ms.
Mono: successfully reloaded assembly
- Completed reload, in  1.062 seconds
Platform modules already initialized, skipping
Refreshing native plugins compatible for Editor in 0.23 ms, found 0 plugins.
Preloading 0 native plugins for Editor in 0.00 ms.
Unloading 1140 Unused Serialized files (Serialized files now loaded: 0)
System memory in use before: 58.2 MB.
System memory in use after: 58.3 MB.

Unloading 4 unused Assets to reduce memory usage. Loaded Objects now: 1600.
Total: 1.547400 ms (FindLiveObjects: 0.134400 ms CreateObjectMapping: 0.038000 ms MarkObjects: 1.359400 ms  DeleteObjects: 0.014100 ms)

========================================================================
Received Import Request.
  Time since last request: 305.561509 seconds.
  path: Assets/unity-pedestrian-sim/Standard Assets/Characters/ThirdPersonCharacter/Scripts/Control.cs
  artifactKey: Guid(29c379f26ab136c4294f98c31945c167) Importer(815301076,1909f56bfc062723c751e8b465ee728b)
Start importing Assets/unity-pedestrian-sim/Standard Assets/Characters/ThirdPersonCharacter/Scripts/Control.cs using Guid(29c379f26ab136c4294f98c31945c167) Importer(815301076,1909f56bfc062723c751e8b465ee728b)  -> (artifact id: '7eff46edd23a822a9b2e46a9fbdfa28d') in 0.004160 seconds
  Import took 0.006718 seconds .

========================================================================
Received Import Request.
  Time since last request: 0.005568 seconds.
  path: Assets/unity-pedestrian-sim/Standard Assets/Characters/ThirdPersonCharacter/Scripts/Control.cs
  artifactKey: Guid(29c379f26ab136c4294f98c31945c167) Importer(815301076,1909f56bfc062723c751e8b465ee728b)
Start importing Assets/unity-pedestrian-sim/Standard Assets/Characters/ThirdPersonCharacter/Scripts/Control.cs using Guid(29c379f26ab136c4294f98c31945c167) Importer(815301076,1909f56bfc062723c751e8b465ee728b)  -> (artifact id: '7eff46edd23a822a9b2e46a9fbdfa28d') in 0.011838 seconds
  Import took 0.016739 seconds .

========================================================================
Received Import Request.
  Time since last request: 43.401656 seconds.
  path: Assets/unity-pedestrian-sim/Standard Assets/Characters/ThirdPersonCharacter/Scripts/Control.cs
  artifactKey: Guid(29c379f26ab136c4294f98c31945c167) Importer(815301076,1909f56bfc062723c751e8b465ee728b)
Start importing Assets/unity-pedestrian-sim/Standard Assets/Characters/ThirdPersonCharacter/Scripts/Control.cs using Guid(29c379f26ab136c4294f98c31945c167) Importer(815301076,1909f56bfc062723c751e8b465ee728b)  -> (artifact id: '7105006953c36009e44662390d4fe2ef') in 0.004647 seconds
  Import took 0.007976 seconds .

========================================================================
Received Prepare
Registering precompiled user dll's ...
Registered in 0.000646 seconds.
Begin MonoManager ReloadAssembly
Native extension for WindowsStandalone target not found
Refreshing native plugins compatible for Editor in 0.20 ms, found 0 plugins.
Preloading 0 native plugins for Editor in 0.00 ms.
Mono: successfully reloaded assembly
- Completed reload, in  0.930 seconds
Platform modules already initialized, skipping
Refreshing native plugins compatible for Editor in 0.21 ms, found 0 plugins.
Preloading 0 native plugins for Editor in 0.00 ms.
Unloading 1140 Unused Serialized files (Serialized files now loaded: 0)
System memory in use before: 58.2 MB.
System memory in use after: 58.3 MB.

Unloading 4 unused Assets to reduce memory usage. Loaded Objects now: 1603.
Total: 1.508600 ms (FindLiveObjects: 0.133500 ms CreateObjectMapping: 0.036100 ms MarkObjects: 1.326800 ms  DeleteObjects: 0.011400 ms)

========================================================================
Received Import Request.
  Time since last request: 116.353873 seconds.
  path: Assets/unity-pedestrian-sim/Standard Assets/Characters/ThirdPersonCharacter/Scripts/Control.cs
  artifactKey: Guid(29c379f26ab136c4294f98c31945c167) Importer(815301076,1909f56bfc062723c751e8b465ee728b)
Start importing Assets/unity-pedestrian-sim/Standard Assets/Characters/ThirdPersonCharacter/Scripts/Control.cs using Guid(29c379f26ab136c4294f98c31945c167) Importer(815301076,1909f56bfc062723c751e8b465ee728b)  -> (artifact id: 'aab7632733e18f3ebbf59a2f81119d39') in 0.003481 seconds
  Import took 0.007330 seconds .

========================================================================
Received Prepare
Registering precompiled user dll's ...
Registered in 0.004311 seconds.
Begin MonoManager ReloadAssembly
Native extension for WindowsStandalone target not found
Refreshing native plugins compatible for Editor in 1.29 ms, found 0 plugins.
Preloading 0 native plugins for Editor in 0.00 ms.
Mono: successfully reloaded assembly
- Completed reload, in  1.411 seconds
Platform modules already initialized, skipping
Refreshing native plugins compatible for Editor in 0.43 ms, found 0 plugins.
Preloading 0 native plugins for Editor in 0.00 ms.
Unloading 1140 Unused Serialized files (Serialized files now loaded: 0)
System memory in use before: 58.2 MB.
System memory in use after: 58.3 MB.

Unloading 4 unused Assets to reduce memory usage. Loaded Objects now: 1606.
Total: 3.675900 ms (FindLiveObjects: 0.227800 ms CreateObjectMapping: 0.049300 ms MarkObjects: 3.367300 ms  DeleteObjects: 0.029000 ms)

========================================================================
Received Prepare
Registering precompiled user dll's ...
Registered in 0.002827 seconds.
Begin MonoManager ReloadAssembly
Native extension for WindowsStandalone target not found
Refreshing native plugins compatible for Editor in 0.43 ms, found 0 plugins.
Preloading 0 native plugins for Editor in 0.00 ms.
Mono: successfully reloaded assembly
- Completed reload, in  0.929 seconds
Platform modules already initialized, skipping
Refreshing native plugins compatible for Editor in 0.52 ms, found 0 plugins.
Preloading 0 native plugins for Editor in 0.00 ms.
Unloading 1140 Unused Serialized files (Serialized files now loaded: 0)
System memory in use before: 58.2 MB.
System memory in use after: 58.3 MB.

Unloading 4 unused Assets to reduce memory usage. Loaded Objects now: 1609.
Total: 1.721100 ms (FindLiveObjects: 0.231800 ms CreateObjectMapping: 0.127800 ms MarkObjects: 1.344700 ms  DeleteObjects: 0.015300 ms)

========================================================================
Received Import Request.
  Time since last request: 615.194197 seconds.
  path: Assets/unity-pedestrian-sim/Standard Assets/Characters/ThirdPersonCharacter/Scripts/Control.cs
  artifactKey: Guid(29c379f26ab136c4294f98c31945c167) Importer(815301076,1909f56bfc062723c751e8b465ee728b)
Start importing Assets/unity-pedestrian-sim/Standard Assets/Characters/ThirdPersonCharacter/Scripts/Control.cs using Guid(29c379f26ab136c4294f98c31945c167) Importer(815301076,1909f56bfc062723c751e8b465ee728b)  -> (artifact id: '129a7af4afa7da6e493ef7372e168cd9') in 0.012008 seconds
  Import took 0.015926 seconds .

========================================================================
Received Import Request.
  Time since last request: 0.000615 seconds.
  path: Assets/unity-pedestrian-sim/Standard Assets/Characters/ThirdPersonCharacter/Scripts/Control.cs
  artifactKey: Guid(29c379f26ab136c4294f98c31945c167) Importer(815301076,1909f56bfc062723c751e8b465ee728b)
Start importing Assets/unity-pedestrian-sim/Standard Assets/Characters/ThirdPersonCharacter/Scripts/Control.cs using Guid(29c379f26ab136c4294f98c31945c167) Importer(815301076,1909f56bfc062723c751e8b465ee728b)  -> (artifact id: '129a7af4afa7da6e493ef7372e168cd9') in 0.003429 seconds
  Import took 0.006389 seconds .

========================================================================
Received Prepare
Registering precompiled user dll's ...
Registered in 0.001595 seconds.
Begin MonoManager ReloadAssembly
Native extension for WindowsStandalone target not found
Refreshing native plugins compatible for Editor in 0.40 ms, found 0 plugins.
Preloading 0 native plugins for Editor in 0.00 ms.
Mono: successfully reloaded assembly
- Completed reload, in  0.861 seconds
Platform modules already initialized, skipping
Refreshing native plugins compatible for Editor in 0.37 ms, found 0 plugins.
Preloading 0 native plugins for Editor in 0.00 ms.
Unloading 1140 Unused Serialized files (Serialized files now loaded: 0)
System memory in use before: 58.2 MB.
System memory in use after: 58.3 MB.

Unloading 4 unused Assets to reduce memory usage. Loaded Objects now: 1612.
Total: 2.636600 ms (FindLiveObjects: 0.187900 ms CreateObjectMapping: 0.058700 ms MarkObjects: 2.369600 ms  DeleteObjects: 0.018900 ms)

========================================================================
Received Prepare
Registering precompiled user dll's ...
Registered in 0.000671 seconds.
Begin MonoManager ReloadAssembly
Native extension for WindowsStandalone target not found
Refreshing native plugins compatible for Editor in 1.37 ms, found 0 plugins.
Preloading 0 native plugins for Editor in 0.00 ms.
Mono: successfully reloaded assembly
- Completed reload, in  1.623 seconds
Platform modules already initialized, skipping
Refreshing native plugins compatible for Editor in 0.39 ms, found 0 plugins.
Preloading 0 native plugins for Editor in 0.00 ms.
Unloading 1140 Unused Serialized files (Serialized files now loaded: 0)
System memory in use before: 58.2 MB.
System memory in use after: 58.3 MB.

Unloading 4 unused Assets to reduce memory usage. Loaded Objects now: 1615.
Total: 3.481000 ms (FindLiveObjects: 0.354100 ms CreateObjectMapping: 0.132000 ms MarkObjects: 2.967900 ms  DeleteObjects: 0.024500 ms)

========================================================================
Received Prepare
Registering precompiled user dll's ...
Registered in 0.000615 seconds.
Begin MonoManager ReloadAssembly
Native extension for WindowsStandalone target not found
Refreshing native plugins compatible for Editor in 0.25 ms, found 0 plugins.
Preloading 0 native plugins for Editor in 0.00 ms.
Mono: successfully reloaded assembly
- Completed reload, in  0.788 seconds
Platform modules already initialized, skipping
Refreshing native plugins compatible for Editor in 0.20 ms, found 0 plugins.
Preloading 0 native plugins for Editor in 0.00 ms.
Unloading 1140 Unused Serialized files (Serialized files now loaded: 0)
System memory in use before: 58.2 MB.
System memory in use after: 58.3 MB.

Unloading 4 unused Assets to reduce memory usage. Loaded Objects now: 1618.
Total: 4.039000 ms (FindLiveObjects: 0.599700 ms CreateObjectMapping: 0.510500 ms MarkObjects: 2.905600 ms  DeleteObjects: 0.019900 ms)

========================================================================
Received Prepare
Registering precompiled user dll's ...
Registered in 0.001653 seconds.
Begin MonoManager ReloadAssembly
Native extension for WindowsStandalone target not found
Refreshing native plugins compatible for Editor in 0.47 ms, found 0 plugins.
Preloading 0 native plugins for Editor in 0.00 ms.
Mono: successfully reloaded assembly
- Completed reload, in  1.463 seconds
Platform modules already initialized, skipping
Refreshing native plugins compatible for Editor in 0.41 ms, found 0 plugins.
Preloading 0 native plugins for Editor in 0.00 ms.
Unloading 1140 Unused Serialized files (Serialized files now loaded: 0)
System memory in use before: 58.2 MB.
System memory in use after: 58.3 MB.

Unloading 4 unused Assets to reduce memory usage. Loaded Objects now: 1621.
Total: 3.496900 ms (FindLiveObjects: 0.188600 ms CreateObjectMapping: 0.053400 ms MarkObjects: 3.206400 ms  DeleteObjects: 0.045800 ms)

========================================================================
Received Prepare
Registering precompiled user dll's ...
Registered in 0.000785 seconds.
Begin MonoManager ReloadAssembly
Native extension for WindowsStandalone target not found
Refreshing native plugins compatible for Editor in 0.20 ms, found 0 plugins.
Preloading 0 native plugins for Editor in 0.00 ms.
Mono: successfully reloaded assembly
- Completed reload, in  0.715 seconds
Platform modules already initialized, skipping
Refreshing native plugins compatible for Editor in 0.20 ms, found 0 plugins.
Preloading 0 native plugins for Editor in 0.00 ms.
Unloading 1140 Unused Serialized files (Serialized files now loaded: 0)
System memory in use before: 58.2 MB.
System memory in use after: 58.3 MB.

Unloading 4 unused Assets to reduce memory usage. Loaded Objects now: 1624.
Total: 1.393600 ms (FindLiveObjects: 0.173400 ms CreateObjectMapping: 0.041100 ms MarkObjects: 1.167200 ms  DeleteObjects: 0.011000 ms)

========================================================================
Received Prepare
Registering precompiled user dll's ...
Registered in 0.000811 seconds.
Begin MonoManager ReloadAssembly
Native extension for WindowsStandalone target not found
Refreshing native plugins compatible for Editor in 0.34 ms, found 0 plugins.
Preloading 0 native plugins for Editor in 0.00 ms.
Mono: successfully reloaded assembly
- Completed reload, in  0.809 seconds
Platform modules already initialized, skipping
Refreshing native plugins compatible for Editor in 0.25 ms, found 0 plugins.
Preloading 0 native plugins for Editor in 0.00 ms.
Unloading 1140 Unused Serialized files (Serialized files now loaded: 0)
System memory in use before: 58.2 MB.
System memory in use after: 58.3 MB.

Unloading 4 unused Assets to reduce memory usage. Loaded Objects now: 1627.
Total: 3.053800 ms (FindLiveObjects: 0.128600 ms CreateObjectMapping: 0.035100 ms MarkObjects: 2.867500 ms  DeleteObjects: 0.020900 ms)

========================================================================
Received Prepare
Registering precompiled user dll's ...
Registered in 0.000492 seconds.
Begin MonoManager ReloadAssembly
Native extension for WindowsStandalone target not found
Refreshing native plugins compatible for Editor in 0.20 ms, found 0 plugins.
Preloading 0 native plugins for Editor in 0.00 ms.
Mono: successfully reloaded assembly
- Completed reload, in  0.882 seconds
Platform modules already initialized, skipping
Refreshing native plugins compatible for Editor in 0.24 ms, found 0 plugins.
Preloading 0 native plugins for Editor in 0.00 ms.
Unloading 1140 Unused Serialized files (Serialized files now loaded: 0)
System memory in use before: 58.2 MB.
System memory in use after: 58.3 MB.

Unloading 4 unused Assets to reduce memory usage. Loaded Objects now: 1630.
Total: 2.102800 ms (FindLiveObjects: 0.231900 ms CreateObjectMapping: 0.067600 ms MarkObjects: 1.781000 ms  DeleteObjects: 0.020800 ms)

========================================================================
Received Prepare
Registering precompiled user dll's ...
Registered in 0.000517 seconds.
Begin MonoManager ReloadAssembly
Native extension for WindowsStandalone target not found
Refreshing native plugins compatible for Editor in 0.20 ms, found 0 plugins.
Preloading 0 native plugins for Editor in 0.00 ms.
Mono: successfully reloaded assembly
- Completed reload, in  0.651 seconds
Platform modules already initialized, skipping
Refreshing native plugins compatible for Editor in 0.21 ms, found 0 plugins.
Preloading 0 native plugins for Editor in 0.00 ms.
Unloading 1140 Unused Serialized files (Serialized files now loaded: 0)
System memory in use before: 58.2 MB.
System memory in use after: 58.3 MB.

Unloading 4 unused Assets to reduce memory usage. Loaded Objects now: 1633.
Total: 1.771800 ms (FindLiveObjects: 0.150400 ms CreateObjectMapping: 0.046500 ms MarkObjects: 1.555800 ms  DeleteObjects: 0.017700 ms)

========================================================================
Received Prepare
Registering precompiled user dll's ...
Registered in 0.001389 seconds.
Begin MonoManager ReloadAssembly
Native extension for WindowsStandalone target not found
Refreshing native plugins compatible for Editor in 0.64 ms, found 0 plugins.
Preloading 0 native plugins for Editor in 0.00 ms.
Mono: successfully reloaded assembly
- Completed reload, in  0.917 seconds
Platform modules already initialized, skipping
Refreshing native plugins compatible for Editor in 0.40 ms, found 0 plugins.
Preloading 0 native plugins for Editor in 0.00 ms.
Unloading 1140 Unused Serialized files (Serialized files now loaded: 0)
System memory in use before: 58.2 MB.
System memory in use after: 58.3 MB.

Unloading 4 unused Assets to reduce memory usage. Loaded Objects now: 1636.
Total: 9.309900 ms (FindLiveObjects: 0.208600 ms CreateObjectMapping: 0.047200 ms MarkObjects: 9.029500 ms  DeleteObjects: 0.022500 ms)

========================================================================
Received Prepare
Registering precompiled user dll's ...
Registered in 0.001038 seconds.
Begin MonoManager ReloadAssembly
Native extension for WindowsStandalone target not found
Refreshing native plugins compatible for Editor in 0.47 ms, found 0 plugins.
Preloading 0 native plugins for Editor in 0.00 ms.
Mono: successfully reloaded assembly
- Completed reload, in  1.810 seconds
Platform modules already initialized, skipping
Refreshing native plugins compatible for Editor in 1.62 ms, found 0 plugins.
Preloading 0 native plugins for Editor in 0.00 ms.
Unloading 1140 Unused Serialized files (Serialized files now loaded: 0)
System memory in use before: 58.3 MB.
System memory in use after: 58.4 MB.

Unloading 4 unused Assets to reduce memory usage. Loaded Objects now: 1639.
Total: 4.311000 ms (FindLiveObjects: 0.544600 ms CreateObjectMapping: 0.549000 ms MarkObjects: 3.184400 ms  DeleteObjects: 0.029800 ms)

========================================================================
Received Prepare
Registering precompiled user dll's ...
Registered in 0.000526 seconds.
Begin MonoManager ReloadAssembly
Native extension for WindowsStandalone target not found
Refreshing native plugins compatible for Editor in 0.25 ms, found 0 plugins.
Preloading 0 native plugins for Editor in 0.00 ms.
Mono: successfully reloaded assembly
- Completed reload, in  0.770 seconds
Platform modules already initialized, skipping
Refreshing native plugins compatible for Editor in 0.20 ms, found 0 plugins.
Preloading 0 native plugins for Editor in 0.00 ms.
Unloading 1140 Unused Serialized files (Serialized files now loaded: 0)
System memory in use before: 58.3 MB.
System memory in use after: 58.4 MB.

Unloading 4 unused Assets to reduce memory usage. Loaded Objects now: 1642.
Total: 1.437800 ms (FindLiveObjects: 0.123900 ms CreateObjectMapping: 0.033600 ms MarkObjects: 1.266900 ms  DeleteObjects: 0.012600 ms)

========================================================================
Received Prepare
Registering precompiled user dll's ...
Registered in 0.000647 seconds.
Begin MonoManager ReloadAssembly
Native extension for WindowsStandalone target not found
Refreshing native plugins compatible for Editor in 0.19 ms, found 0 plugins.
Preloading 0 native plugins for Editor in 0.00 ms.
Mono: successfully reloaded assembly
- Completed reload, in  0.722 seconds
Platform modules already initialized, skipping
Refreshing native plugins compatible for Editor in 0.20 ms, found 0 plugins.
Preloading 0 native plugins for Editor in 0.00 ms.
Unloading 1140 Unused Serialized files (Serialized files now loaded: 0)
System memory in use before: 58.3 MB.
System memory in use after: 58.4 MB.

Unloading 4 unused Assets to reduce memory usage. Loaded Objects now: 1645.
Total: 1.323900 ms (FindLiveObjects: 0.123300 ms CreateObjectMapping: 0.039000 ms MarkObjects: 1.150600 ms  DeleteObjects: 0.010300 ms)

AssetImportWorkerClient::OnTransportError - code=2 error=End of file
